<?xml version="1.0" encoding="UTF-8"?>
<!-- Generated by org.testng.reporters.JUnitXMLReporter -->
<testsuite hostname="Vik-laptop" ignored="0" name="Listener Test" tests="3" failures="1" timestamp="2020-04-01T15:07:20 IST" time="0.157" errors="0">
  <testcase name="doLogin" time="0.021" classname="test_case.UsingExtentPackage"/>
  <testcase name="doUserReg" time="0.01" classname="test_case.UsingExtentPackage">
    <failure type="java.lang.AssertionError" message="User Reg Test Failed">
      <![CDATA[java.lang.AssertionError: User Reg Test Failed
at test_case.UsingExtentPackage.doUserReg(UsingExtentPackage.java:17)
at java.util.ArrayList.forEach(ArrayList.java:1257)
... Removed 28 stack frames]]>
    </failure>
  </testcase> <!-- doUserReg -->
  <testcase name="isSkip" time="0.007" classname="test_case.UsingExtentPackage">
    <skipped/>
  </testcase> <!-- isSkip -->
</testsuite> <!-- Listener Test -->
